<?xml version="1.0" encoding="UTF-8"?>
<!-- Generated by org.testng.reporters.JUnitReportReporter -->
<testsuite hostname="QT-INBG-LT1935" failures="0" tests="3" name="contactus" time="27.664" errors="0" timestamp="2022-09-19T13:37:52 IST" skipped="0">
  <testcase classname="contactus" name="send" time="9.849"/>
  <system-out/>
  <testcase classname="contactus" name="send" time="9.204"/>
  <system-out/>
  <testcase classname="contactus" name="send" time="8.611"/>
  <system-out/>
</testsuite> <!-- contactus -->
