<?xml version="1.0" encoding="UTF-8"?>
<!-- Generated by org.testng.reporters.JUnitReportReporter -->
<testsuite hostname="QT-INBG-LT1935" failures="0" tests="3" name="signup" time="13.934" errors="0" timestamp="2022-09-19T16:39:39 IST" skipped="0">
  <testcase classname="signup" name="signup1" time="5.614"/>
  <system-out/>
  <testcase classname="signup" name="signup1" time="4.233"/>
  <system-out/>
  <testcase classname="signup" name="signup1" time="4.087"/>
  <system-out/>
</testsuite> <!-- signup -->
