<?xml version="1.0" encoding="UTF-8"?>
<!-- Generated by org.testng.reporters.JUnitReportReporter -->
<testsuite hostname="QT-INBG-LT1935" failures="0" tests="5" name="signin" time="34.235" errors="0" timestamp="2022-09-19T16:31:53 IST" skipped="0">
  <testcase classname="signin" name="signin" time="6.676"/>
  <system-out/>
  <testcase classname="signin" name="signin" time="6.604"/>
  <system-out/>
  <testcase classname="signin" name="signin" time="6.651"/>
  <system-out/>
  <testcase classname="signin" name="signin" time="6.590"/>
  <system-out/>
  <testcase classname="signin" name="signin" time="7.714"/>
  <system-out/>
</testsuite> <!-- signin -->
