<?xml version="1.0" encoding="UTF-8"?>
<!-- Generated by org.testng.reporters.JUnitReportReporter -->
<testsuite hostname="QT-INBG-LT1935" failures="0" tests="1" name="signinn" time="3.220" errors="0" timestamp="2022-09-16T14:18:19 IST" skipped="0">
  <testcase classname="signinn" name="signin" time="3.220"/>
  <system-out/>
</testsuite> <!-- signinn -->
