<?xml version="1.0" encoding="UTF-8"?>
<!-- Generated by org.testng.reporters.JUnitReportReporter -->
<testsuite hostname="QT-INBG-LT1935" failures="0" tests="1" name="muje" time="8.056" errors="0" timestamp="2022-09-15T14:47:14 IST" skipped="0">
  <testcase classname="muje" name="register" time="8.056"/>
  <system-out/>
</testsuite> <!-- muje -->
